2025-04-04 13:21:34.270344 - Received CBT.V508.FILE654.PDS from FILE654.XMI 
2025-04-04 13:21:34.271452 - Found $$$#DATE.txt (text/plain) in CBT.V508.FILE654.PDS, moved to PDS/$$$#DATE
2025-04-04 13:21:34.271592 - Found $$$DOC01.txt (text/plain) in CBT.V508.FILE654.PDS, moved to PDS/$$$DOC01
2025-04-04 13:21:34.271720 - Found $$$DOC02.txt (text/plain) in CBT.V508.FILE654.PDS, moved to PDS/$$$DOC02
2025-04-04 13:21:34.271839 - Found $$$DOC03.txt (text/plain) in CBT.V508.FILE654.PDS, moved to PDS/$$$DOC03
2025-04-04 13:21:34.271963 - Found $$$DOC04.txt (text/plain) in CBT.V508.FILE654.PDS, moved to PDS/$$$DOC04
2025-04-04 13:21:34.272103 - Found $$$DOC05.txt (text/plain) in CBT.V508.FILE654.PDS, moved to PDS/$$$DOC05
2025-04-04 13:21:34.272250 - Found $$$DOC06.txt (text/plain) in CBT.V508.FILE654.PDS, moved to PDS/$$$DOC06
2025-04-04 13:21:34.272374 - Found $PDSLOAD.jcl (text/plain) in CBT.V508.FILE654.PDS, moved to PDS/$PDSLOAD
2025-04-04 13:21:34.272509 - Found $RECEIVE.jcl (text/plain) in CBT.V508.FILE654.PDS, moved to PDS/$RECEIVE
2025-04-04 13:21:34.272640 - Found @FILE654.txt (text/plain) in CBT.V508.FILE654.PDS, moved to PDS/@FILE654
2025-04-04 13:21:34.272850 - Found ASM.xmi (application/xmit) in CBT.V508.FILE654.PDS, moved to PDS/ASM.xmi
2025-04-04 13:21:34.657051 - Received SBGOLOB.FSI120.ASMT from ASM.xmi 
2025-04-04 13:21:34.658582 - Found $DISPLAY.txt (text/plain) in SBGOLOB.FSI120.ASMT, moved to ASM/$DISPLAY
2025-04-04 13:21:34.658738 - Found $FSIECT.txt (text/plain) in SBGOLOB.FSI120.ASMT, moved to ASM/$FSIECT
2025-04-04 13:21:34.658871 - Found $FSISCR.txt (text/plain) in SBGOLOB.FSI120.ASMT, moved to ASM/$FSISCR
2025-04-04 13:21:34.659000 - Found $VDEF.txt (text/plain) in SBGOLOB.FSI120.ASMT, moved to ASM/$VDEF
2025-04-04 13:21:34.659123 - Found $VGET.txt (text/plain) in SBGOLOB.FSI120.ASMT, moved to ASM/$VGET
2025-04-04 13:21:34.659245 - Found $VLOC.txt (text/plain) in SBGOLOB.FSI120.ASMT, moved to ASM/$VLOC
2025-04-04 13:21:34.659372 - Found $VPUT.txt (text/plain) in SBGOLOB.FSI120.ASMT, moved to ASM/$VPUT
2025-04-04 13:21:34.659492 - Found $VSTO.txt (text/plain) in SBGOLOB.FSI120.ASMT, moved to ASM/$VSTO
2025-04-04 13:21:34.659609 - Found ##LOAD.jcl (text/plain) in SBGOLOB.FSI120.ASMT, moved to ASM/##LOAD
2025-04-04 13:21:34.659727 - Found ##UNLOAD.jcl (text/plain) in SBGOLOB.FSI120.ASMT, moved to ASM/##UNLOAD
2025-04-04 13:21:34.659846 - Found #ASM.jcl (text/plain) in SBGOLOB.FSI120.ASMT, moved to ASM/#ASM
2025-04-04 13:21:34.659965 - Found #CMP.jcl (text/plain) in SBGOLOB.FSI120.ASMT, moved to ASM/#CMP
2025-04-04 13:21:34.660081 - Found #LINK.jcl (text/plain) in SBGOLOB.FSI120.ASMT, moved to ASM/#LINK
2025-04-04 13:21:34.660199 - Found #LINKENV.jcl (text/plain) in SBGOLOB.FSI120.ASMT, moved to ASM/#LINKENV
2025-04-04 13:21:34.660325 - Found #SAMPC01.jcl (text/plain) in SBGOLOB.FSI120.ASMT, moved to ASM/#SAMPC01
2025-04-04 13:21:34.660454 - Found #SAMP01.jcl (text/plain) in SBGOLOB.FSI120.ASMT, moved to ASM/#SAMP01
2025-04-04 13:21:34.660587 - Found #SAMP02.jcl (text/plain) in SBGOLOB.FSI120.ASMT, moved to ASM/#SAMP02
2025-04-04 13:21:34.660708 - Found #SAMP03.jcl (text/plain) in SBGOLOB.FSI120.ASMT, moved to ASM/#SAMP03
2025-04-04 13:21:34.660823 - Found FSIDFLT.txt (text/plain) in SBGOLOB.FSI120.ASMT, moved to ASM/FSIDFLT
2025-04-04 13:21:34.660936 - Found FSIDSPLY.txt (text/plain) in SBGOLOB.FSI120.ASMT, moved to ASM/FSIDSPLY
2025-04-04 13:21:34.661105 - Found FSIERMSG.txt (text/plain) in SBGOLOB.FSI120.ASMT, moved to ASM/FSIERMSG
2025-04-04 13:21:34.661484 - Found FSIFUNC.txt (text/plain) in SBGOLOB.FSI120.ASMT, moved to ASM/FSIFUNC
2025-04-04 13:21:34.661715 - Found FSIPANL.txt (text/plain) in SBGOLOB.FSI120.ASMT, moved to ASM/FSIPANL
2025-04-04 13:21:34.661956 - Found FSIPDS.txt (text/plain) in SBGOLOB.FSI120.ASMT, moved to ASM/FSIPDS
2025-04-04 13:21:34.662107 - Found FSISCRN.txt (text/plain) in SBGOLOB.FSI120.ASMT, moved to ASM/FSISCRN
2025-04-04 13:21:34.662270 - Found FSISTART.txt (text/plain) in SBGOLOB.FSI120.ASMT, moved to ASM/FSISTART
2025-04-04 13:21:34.662389 - Found FSISTUB.txt (text/plain) in SBGOLOB.FSI120.ASMT, moved to ASM/FSISTUB
2025-04-04 13:21:34.662521 - Found FSIVDEF.txt (text/plain) in SBGOLOB.FSI120.ASMT, moved to ASM/FSIVDEF
2025-04-04 13:21:34.662667 - Found FSIVGET.txt (text/plain) in SBGOLOB.FSI120.ASMT, moved to ASM/FSIVGET
2025-04-04 13:21:34.662812 - Found FSIVLOC.txt (text/plain) in SBGOLOB.FSI120.ASMT, moved to ASM/FSIVLOC
2025-04-04 13:21:34.662936 - Found FSIVPUT.txt (text/plain) in SBGOLOB.FSI120.ASMT, moved to ASM/FSIVPUT
2025-04-04 13:21:34.663052 - Found FSIVSTO.txt (text/plain) in SBGOLOB.FSI120.ASMT, moved to ASM/FSIVSTO
2025-04-04 13:21:34.663189 - Found SAMPC01.txt (text/plain) in SBGOLOB.FSI120.ASMT, moved to ASM/SAMPC01
2025-04-04 13:21:34.663300 - Found SAMP01.txt (text/plain) in SBGOLOB.FSI120.ASMT, moved to ASM/SAMP01
2025-04-04 13:21:34.663411 - Found SAMP02.txt (text/plain) in SBGOLOB.FSI120.ASMT, moved to ASM/SAMP02
2025-04-04 13:21:34.663524 - Found SAMP03.txt (text/plain) in SBGOLOB.FSI120.ASMT, moved to ASM/SAMP03
2025-04-04 13:21:34.663650 - Found VARDEFS.txt (text/plain) in SBGOLOB.FSI120.ASMT, moved to ASM/VARDEFS
2025-04-04 13:21:34.663768 - Found VARPOOL.txt (text/plain) in SBGOLOB.FSI120.ASMT, moved to ASM/VARPOOL
2025-04-04 13:21:34.665274 - Found ASMT.txt (text/plain) in CBT.V508.FILE654.PDS, moved to PDS/ASMT
2025-04-04 13:21:34.665404 - Found LOAD.xmi (application/xmit) in CBT.V508.FILE654.PDS, moved to PDS/LOAD.xmi
2025-04-04 13:21:34.677878 - Received SBGOLOB.FSI120.LOADT from LOAD.xmi 
2025-04-04 13:21:34.678323 - Found FSIDFLT.bin (application/octet-stream) in SBGOLOB.FSI120.LOADT, moved to LOAD/FSIDFLT
2025-04-04 13:21:34.678445 - Found FSIFUNC.bin (application/octet-stream) in SBGOLOB.FSI120.LOADT, moved to LOAD/FSIFUNC
2025-04-04 13:21:34.678568 - Found FSISTART.bin (application/octet-stream) in SBGOLOB.FSI120.LOADT, moved to LOAD/FSISTART
2025-04-04 13:21:34.678685 - Found SAMPC01.bin (application/octet-stream) in SBGOLOB.FSI120.LOADT, moved to LOAD/SAMPC01
2025-04-04 13:21:34.678817 - Found SAMP01.bin (application/octet-stream) in SBGOLOB.FSI120.LOADT, moved to LOAD/SAMP01
2025-04-04 13:21:34.678935 - Found SAMP02.bin (application/octet-stream) in SBGOLOB.FSI120.LOADT, moved to LOAD/SAMP02
2025-04-04 13:21:34.679052 - Found SAMP03.bin (application/octet-stream) in SBGOLOB.FSI120.LOADT, moved to LOAD/SAMP03
2025-04-04 13:21:34.679560 - Found LOADT.bin (application/octet-stream) in CBT.V508.FILE654.PDS, moved to PDS/LOADT
2025-04-04 13:21:34.679713 - Found MLIB.xmi (application/xmit) in CBT.V508.FILE654.PDS, moved to PDS/MLIB.xmi
2025-04-04 13:21:34.693935 - Received SBGOLOB.FSI120.MLIBT from MLIB.xmi 
2025-04-04 13:21:34.694398 - Found SAMP010.txt (text/plain) in SBGOLOB.FSI120.MLIBT, moved to MLIB/SAMP010
2025-04-04 13:21:34.694537 - Found SAMP020.txt (text/plain) in SBGOLOB.FSI120.MLIBT, moved to MLIB/SAMP020
2025-04-04 13:21:34.694879 - Found MLIBT.txt (text/plain) in CBT.V508.FILE654.PDS, moved to PDS/MLIBT
2025-04-04 13:21:34.695014 - Found OBJ.xmi (application/xmit) in CBT.V508.FILE654.PDS, moved to PDS/OBJ.xmi
2025-04-04 13:21:34.725994 - Received SBGOLOB.FSI120.OBJT from OBJ.xmi 
2025-04-04 13:21:34.726853 - Found FSIDFLT.bin (application/octet-stream) in SBGOLOB.FSI120.OBJT, moved to OBJ/FSIDFLT
2025-04-04 13:21:34.726975 - Found FSIDSPLY.bin (application/octet-stream) in SBGOLOB.FSI120.OBJT, moved to OBJ/FSIDSPLY
2025-04-04 13:21:34.727090 - Found FSIERMSG.bin (application/octet-stream) in SBGOLOB.FSI120.OBJT, moved to OBJ/FSIERMSG
2025-04-04 13:21:34.727212 - Found FSIFUNC.bin (application/octet-stream) in SBGOLOB.FSI120.OBJT, moved to OBJ/FSIFUNC
2025-04-04 13:21:34.727354 - Found FSIPANL.bin (application/octet-stream) in SBGOLOB.FSI120.OBJT, moved to OBJ/FSIPANL
2025-04-04 13:21:34.727460 - Found FSIPDS.bin (application/octet-stream) in SBGOLOB.FSI120.OBJT, moved to OBJ/FSIPDS
2025-04-04 13:21:34.727573 - Found FSISCRN.bin (application/octet-stream) in SBGOLOB.FSI120.OBJT, moved to OBJ/FSISCRN
2025-04-04 13:21:34.727692 - Found FSISTART.bin (application/octet-stream) in SBGOLOB.FSI120.OBJT, moved to OBJ/FSISTART
2025-04-04 13:21:34.727799 - Found FSISTUB.bin (application/octet-stream) in SBGOLOB.FSI120.OBJT, moved to OBJ/FSISTUB
2025-04-04 13:21:34.727906 - Found FSIVDEF.bin (application/octet-stream) in SBGOLOB.FSI120.OBJT, moved to OBJ/FSIVDEF
2025-04-04 13:21:34.728014 - Found FSIVGET.bin (application/octet-stream) in SBGOLOB.FSI120.OBJT, moved to OBJ/FSIVGET
2025-04-04 13:21:34.728128 - Found FSIVLOC.bin (application/octet-stream) in SBGOLOB.FSI120.OBJT, moved to OBJ/FSIVLOC
2025-04-04 13:21:34.728236 - Found FSIVPUT.bin (application/octet-stream) in SBGOLOB.FSI120.OBJT, moved to OBJ/FSIVPUT
2025-04-04 13:21:34.728341 - Found FSIVSTO.bin (application/octet-stream) in SBGOLOB.FSI120.OBJT, moved to OBJ/FSIVSTO
2025-04-04 13:21:34.728472 - Found SAMPC01.bin (application/octet-stream) in SBGOLOB.FSI120.OBJT, moved to OBJ/SAMPC01
2025-04-04 13:21:34.728583 - Found SAMP01.bin (application/octet-stream) in SBGOLOB.FSI120.OBJT, moved to OBJ/SAMP01
2025-04-04 13:21:34.728695 - Found SAMP02.bin (application/octet-stream) in SBGOLOB.FSI120.OBJT, moved to OBJ/SAMP02
2025-04-04 13:21:34.728821 - Found SAMP03.bin (application/octet-stream) in SBGOLOB.FSI120.OBJT, moved to OBJ/SAMP03
2025-04-04 13:21:34.728946 - Found VARDEFS.bin (application/octet-stream) in SBGOLOB.FSI120.OBJT, moved to OBJ/VARDEFS
2025-04-04 13:21:34.729057 - Found VARPOOL.bin (application/octet-stream) in SBGOLOB.FSI120.OBJT, moved to OBJ/VARPOOL
2025-04-04 13:21:34.730012 - Found OBJT.bin (application/octet-stream) in CBT.V508.FILE654.PDS, moved to PDS/OBJT
2025-04-04 13:21:34.730152 - Found PLIB.xmi (application/xmit) in CBT.V508.FILE654.PDS, moved to PDS/PLIB.xmi
2025-04-04 13:21:34.771372 - Received SBGOLOB.FSI120.PLIBT from PLIB.xmi 
2025-04-04 13:21:34.771869 - Found FSIDFLT.txt (text/plain) in SBGOLOB.FSI120.PLIBT, moved to PLIB/FSIDFLT
2025-04-04 13:21:34.772001 - Found SAMP01A.txt (text/plain) in SBGOLOB.FSI120.PLIBT, moved to PLIB/SAMP01A
2025-04-04 13:21:34.772126 - Found SAMP01B.txt (text/plain) in SBGOLOB.FSI120.PLIBT, moved to PLIB/SAMP01B
2025-04-04 13:21:34.772256 - Found SAMP02A.txt (text/plain) in SBGOLOB.FSI120.PLIBT, moved to PLIB/SAMP02A
2025-04-04 13:21:34.772482 - Found SAMP03A.txt (text/plain) in SBGOLOB.FSI120.PLIBT, moved to PLIB/SAMP03A
2025-04-04 13:21:34.772977 - Found PLIBT.txt (text/plain) in CBT.V508.FILE654.PDS, moved to PDS/PLIBT
